2025-07-14 13:06:36,824 - INFO - Configuration loaded from config.json
2025-07-14 13:06:36,824 - INFO - Starting LEGO analysis with configuration file
2025-07-14 13:06:36,825 - INFO - Processing report: LOTR Collection
2025-07-14 13:06:36,825 - INFO - Loaded 212 color mappings
2025-07-14 13:06:36,826 - INFO - XML files found: ['10237 - Tower of Orthanc.xml', '10316 - The Lord of the Rings Rivendell.xml', '10333 - Barad-dur.xml', '10354 - The Shire.xml', '30210 - Frodo with Cooking Corner.xml', '30211 - Uruk-Hai with Ballista.xml', '30212 - Mirkwood Elf Guard.xml', '30213 - Gandalf at Dol Guldur.xml', '30215 - Legolas Greenleaf.xml', '30216 - Lake Town Guard.xml', '3920 - The Hobbit An Unexpected Journey.xml', '40630 - Frodo .xml', '40631 - Gandalf the Grey and Balrog.xml', '40632 - Aragorn and Arwen.xml', '40693 - Fell Beast.xml', '40751 - Legolas .xml', '40761 - Smeagol and Deagol.xml', '5000202 - Elrond.xml', '50011 - The Battle of Helms Deep.xml', '71171 - Gandalf.xml', '71218 - Gollum.xml', '71219 - Legolas.xml', '71220 - Gimli.xml', '79000 - Riddles for the Ring.xml', '79001 - Escape from Mirkwood Spiders.xml', '79002 - Attack of the Wargs.xml', '79003 - An Unexpected Gathering.xml', '79004 - Barrel Escape.xml', '79005 - The Wizard Battle.xml', '79006 - The Council of Elrond.xml', '79007 - Battle at the Black Gate.xml', '79008 - Pirate Ship Ambush.xml', '79010 - The Goblin King Battle.xml', '79011 - Dol Guldur Ambush.xml', '79012 - Mirkwood Elf Army.xml', '79013 - Lake-town Chase.xml', '79014 - Dol Guldur Battle.xml', '79015 - Witch-King Battle.xml', '79016 - Attack on lake town.xml', '79017 - The Battle of Five Armies.xml', '79018 - The Lonely Mountain.xml', '9469 - Gandalf Arrives.xml', '9470 - Shelob Attacks.xml', '9471 - Uruk-Hai Army.xml', '9472 - Attack On Weathertop.xml', '9473 - The Mines of Moria.xml', "9474 - The Battle Of Helm's Deep.xml", '9476 - The Orc Forge.xml', 'Comcon33 Bag End.xml']
2025-07-14 13:06:48,513 - INFO - Report saved to C:\Development\BrickLinkReport\LEGO_Set_Color_Quantities_Report.pdf
2025-07-14 13:06:48,514 - INFO - Processing report: Other Sets
2025-07-14 13:06:48,514 - INFO - Loaded 212 color mappings
2025-07-14 13:06:48,514 - INFO - XML files found: ['21034 - London.xml', '42123 - Senna GTR.xml', '42141 - McLaren formula 1.xml', '7590 - Woody and Buzz to the Rescue.xml', '75955 - Hogwarts express.xml', '75957 - Knight Bus.xml', '75968 - 4 Privet Drive.xml', '75979 - Hedwig.xml', '76398 - Hogwarts Hospital Wing.xml', '76402 - Dumbledore Office.xml', '76406 - Hungarian Horntail Dragon.xml']
2025-07-14 13:06:51,631 - INFO - Report saved to C:\Development\BrickLinkReport_Other\LEGO_Set_Color_Quantities_Report_NonLOTR.pdf
2025-07-14 13:06:51,631 - INFO - Processing combiner: LOTR Wanted List
2025-07-14 13:06:51,632 - INFO - Output directory ready: C:\Development\BrickLinkReport\Filtered
2025-07-14 13:06:51,632 - INFO - Found 49 XML files, 46 will be processed
2025-07-14 13:06:51,633 - INFO - Excluded files: ['79007 - Battle at the Black Gate.xml', '10333 - Barad-dur.xml', '10237 - Tower of Orthanc.xml']
2025-07-14 13:06:51,633 - INFO - XML files found (excluding specified files): ['10316 - The Lord of the Rings Rivendell.xml', '10354 - The Shire.xml', '30210 - Frodo with Cooking Corner.xml', '30211 - Uruk-Hai with Ballista.xml', '30212 - Mirkwood Elf Guard.xml', '30213 - Gandalf at Dol Guldur.xml', '30215 - Legolas Greenleaf.xml', '30216 - Lake Town Guard.xml', '3920 - The Hobbit An Unexpected Journey.xml', '40630 - Frodo .xml', '40631 - Gandalf the Grey and Balrog.xml', '40632 - Aragorn and Arwen.xml', '40693 - Fell Beast.xml', '40751 - Legolas .xml', '40761 - Smeagol and Deagol.xml', '5000202 - Elrond.xml', '50011 - The Battle of Helms Deep.xml', '71171 - Gandalf.xml', '71218 - Gollum.xml', '71219 - Legolas.xml', '71220 - Gimli.xml', '79000 - Riddles for the Ring.xml', '79001 - Escape from Mirkwood Spiders.xml', '79002 - Attack of the Wargs.xml', '79003 - An Unexpected Gathering.xml', '79004 - Barrel Escape.xml', '79005 - The Wizard Battle.xml', '79006 - The Council of Elrond.xml', '79008 - Pirate Ship Ambush.xml', '79010 - The Goblin King Battle.xml', '79011 - Dol Guldur Ambush.xml', '79012 - Mirkwood Elf Army.xml', '79013 - Lake-town Chase.xml', '79014 - Dol Guldur Battle.xml', '79015 - Witch-King Battle.xml', '79016 - Attack on lake town.xml', '79017 - The Battle of Five Armies.xml', '79018 - The Lonely Mountain.xml', '9469 - Gandalf Arrives.xml', '9470 - Shelob Attacks.xml', '9471 - Uruk-Hai Army.xml', '9472 - Attack On Weathertop.xml', '9473 - The Mines of Moria.xml', "9474 - The Battle Of Helm's Deep.xml", '9476 - The Orc Forge.xml', 'Comcon33 Bag End.xml']
2025-07-14 13:06:51,633 - INFO - Processing file: 10316 - The Lord of the Rings Rivendell.xml
2025-07-14 13:06:51,638 - INFO - Created filtered file: C:\Development\BrickLinkReport\Filtered\filtered_10316 - The Lord of the Rings Rivendell.xml (29 items)
2025-07-14 13:06:51,638 - INFO - Processed 960 items from 10316 - The Lord of the Rings Rivendell.xml, 29 added to output
2025-07-14 13:06:51,638 - INFO - Processing file: 10354 - The Shire.xml
2025-07-14 13:06:51,641 - INFO - Created filtered file: C:\Development\BrickLinkReport\Filtered\filtered_10354 - The Shire.xml (0 items)
2025-07-14 13:06:51,642 - INFO - Processed 537 items from 10354 - The Shire.xml, 0 added to output
2025-07-14 13:06:51,642 - INFO - Processing file: 30210 - Frodo with Cooking Corner.xml
2025-07-14 13:06:51,643 - INFO - Created filtered file: C:\Development\BrickLinkReport\Filtered\filtered_30210 - Frodo with Cooking Corner.xml (0 items)
2025-07-14 13:06:51,643 - INFO - Processed 26 items from 30210 - Frodo with Cooking Corner.xml, 0 added to output
2025-07-14 13:06:51,643 - INFO - Processing file: 30211 - Uruk-Hai with Ballista.xml
2025-07-14 13:06:51,644 - INFO - Created filtered file: C:\Development\BrickLinkReport\Filtered\filtered_30211 - Uruk-Hai with Ballista.xml (0 items)
2025-07-14 13:06:51,644 - INFO - Processed 16 items from 30211 - Uruk-Hai with Ballista.xml, 0 added to output
2025-07-14 13:06:51,644 - INFO - Processing file: 30212 - Mirkwood Elf Guard.xml
2025-07-14 13:06:51,645 - INFO - Created filtered file: C:\Development\BrickLinkReport\Filtered\filtered_30212 - Mirkwood Elf Guard.xml (0 items)
2025-07-14 13:06:51,645 - INFO - Processed 26 items from 30212 - Mirkwood Elf Guard.xml, 0 added to output
2025-07-14 13:06:51,646 - INFO - Processing file: 30213 - Gandalf at Dol Guldur.xml
2025-07-14 13:06:51,646 - INFO - Created filtered file: C:\Development\BrickLinkReport\Filtered\filtered_30213 - Gandalf at Dol Guldur.xml (0 items)
2025-07-14 13:06:51,647 - INFO - Processed 24 items from 30213 - Gandalf at Dol Guldur.xml, 0 added to output
2025-07-14 13:06:51,647 - INFO - Processing file: 30215 - Legolas Greenleaf.xml
2025-07-14 13:06:51,647 - INFO - Created filtered file: C:\Development\BrickLinkReport\Filtered\filtered_30215 - Legolas Greenleaf.xml (2 items)
2025-07-14 13:06:51,648 - INFO - Processed 22 items from 30215 - Legolas Greenleaf.xml, 2 added to output
2025-07-14 13:06:51,648 - INFO - Processing file: 30216 - Lake Town Guard.xml
2025-07-14 13:06:51,648 - INFO - Created filtered file: C:\Development\BrickLinkReport\Filtered\filtered_30216 - Lake Town Guard.xml (0 items)
2025-07-14 13:06:51,649 - INFO - Processed 23 items from 30216 - Lake Town Guard.xml, 0 added to output
2025-07-14 13:06:51,649 - INFO - Processing file: 3920 - The Hobbit An Unexpected Journey.xml
2025-07-14 13:06:51,650 - INFO - Created filtered file: C:\Development\BrickLinkReport\Filtered\filtered_3920 - The Hobbit An Unexpected Journey.xml (1 items)
2025-07-14 13:06:51,650 - INFO - Processed 57 items from 3920 - The Hobbit An Unexpected Journey.xml, 1 added to output
2025-07-14 13:06:51,650 - INFO - Processing file: 40630 - Frodo .xml
2025-07-14 13:06:51,651 - INFO - Created filtered file: C:\Development\BrickLinkReport\Filtered\filtered_40630 - Frodo .xml (0 items)
2025-07-14 13:06:51,651 - INFO - Processed 70 items from 40630 - Frodo .xml, 0 added to output
2025-07-14 13:06:51,651 - INFO - Processing file: 40631 - Gandalf the Grey and Balrog.xml
2025-07-14 13:06:51,652 - INFO - Created filtered file: C:\Development\BrickLinkReport\Filtered\filtered_40631 - Gandalf the Grey and Balrog.xml (0 items)
2025-07-14 13:06:51,653 - INFO - Processed 108 items from 40631 - Gandalf the Grey and Balrog.xml, 0 added to output
2025-07-14 13:06:51,653 - INFO - Processing file: 40632 - Aragorn and Arwen.xml
2025-07-14 13:06:51,654 - INFO - Created filtered file: C:\Development\BrickLinkReport\Filtered\filtered_40632 - Aragorn and Arwen.xml (0 items)
2025-07-14 13:06:51,654 - INFO - Processed 97 items from 40632 - Aragorn and Arwen.xml, 0 added to output
2025-07-14 13:06:51,654 - INFO - Processing file: 40693 - Fell Beast.xml
2025-07-14 13:06:51,655 - INFO - Created filtered file: C:\Development\BrickLinkReport\Filtered\filtered_40693 - Fell Beast.xml (0 items)
2025-07-14 13:06:51,655 - INFO - Processed 91 items from 40693 - Fell Beast.xml, 0 added to output
2025-07-14 13:06:51,655 - INFO - Processing file: 40751 - Legolas .xml
2025-07-14 13:06:51,656 - INFO - Created filtered file: C:\Development\BrickLinkReport\Filtered\filtered_40751 - Legolas .xml (0 items)
2025-07-14 13:06:51,656 - INFO - Processed 98 items from 40751 - Legolas .xml, 0 added to output
2025-07-14 13:06:51,657 - INFO - Processing file: 40761 - Smeagol and Deagol.xml
2025-07-14 13:06:51,658 - INFO - Created filtered file: C:\Development\BrickLinkReport\Filtered\filtered_40761 - Smeagol and Deagol.xml (0 items)
2025-07-14 13:06:51,658 - INFO - Processed 97 items from 40761 - Smeagol and Deagol.xml, 0 added to output
2025-07-14 13:06:51,658 - INFO - Processing file: 5000202 - Elrond.xml
2025-07-14 13:06:51,659 - INFO - Created filtered file: C:\Development\BrickLinkReport\Filtered\filtered_5000202 - Elrond.xml (0 items)
2025-07-14 13:06:51,659 - INFO - Processed 6 items from 5000202 - Elrond.xml, 0 added to output
2025-07-14 13:06:51,659 - INFO - Processing file: 50011 - The Battle of Helms Deep.xml
2025-07-14 13:06:51,660 - INFO - Created filtered file: C:\Development\BrickLinkReport\Filtered\filtered_50011 - The Battle of Helms Deep.xml (1 items)
2025-07-14 13:06:51,660 - INFO - Processed 89 items from 50011 - The Battle of Helms Deep.xml, 1 added to output
2025-07-14 13:06:51,660 - INFO - Processing file: 71171 - Gandalf.xml
2025-07-14 13:06:51,661 - INFO - Created filtered file: C:\Development\BrickLinkReport\Filtered\filtered_71171 - Gandalf.xml (0 items)
2025-07-14 13:06:51,661 - INFO - Processed 2 items from 71171 - Gandalf.xml, 0 added to output
2025-07-14 13:06:51,661 - INFO - Processing file: 71218 - Gollum.xml
2025-07-14 13:06:51,662 - INFO - Created filtered file: C:\Development\BrickLinkReport\Filtered\filtered_71218 - Gollum.xml (1 items)
2025-07-14 13:06:51,662 - INFO - Processed 19 items from 71218 - Gollum.xml, 1 added to output
2025-07-14 13:06:51,663 - INFO - Processing file: 71219 - Legolas.xml
2025-07-14 13:06:51,664 - INFO - Created filtered file: C:\Development\BrickLinkReport\Filtered\filtered_71219 - Legolas.xml (3 items)
2025-07-14 13:06:51,664 - INFO - Processed 28 items from 71219 - Legolas.xml, 3 added to output
2025-07-14 13:06:51,665 - INFO - Processing file: 71220 - Gimli.xml
2025-07-14 13:06:51,665 - INFO - Created filtered file: C:\Development\BrickLinkReport\Filtered\filtered_71220 - Gimli.xml (0 items)
2025-07-14 13:06:51,665 - INFO - Processed 32 items from 71220 - Gimli.xml, 0 added to output
2025-07-14 13:06:51,666 - INFO - Processing file: 79000 - Riddles for the Ring.xml
2025-07-14 13:06:51,666 - INFO - Created filtered file: C:\Development\BrickLinkReport\Filtered\filtered_79000 - Riddles for the Ring.xml (7 items)
2025-07-14 13:06:51,667 - INFO - Processed 50 items from 79000 - Riddles for the Ring.xml, 7 added to output
2025-07-14 13:06:51,667 - INFO - Processing file: 79001 - Escape from Mirkwood Spiders.xml
2025-07-14 13:06:51,668 - INFO - Created filtered file: C:\Development\BrickLinkReport\Filtered\filtered_79001 - Escape from Mirkwood Spiders.xml (2 items)
2025-07-14 13:06:51,668 - INFO - Processed 96 items from 79001 - Escape from Mirkwood Spiders.xml, 2 added to output
2025-07-14 13:06:51,668 - INFO - Processing file: 79002 - Attack of the Wargs.xml
2025-07-14 13:06:51,669 - INFO - Created filtered file: C:\Development\BrickLinkReport\Filtered\filtered_79002 - Attack of the Wargs.xml (3 items)
2025-07-14 13:06:51,669 - INFO - Processed 137 items from 79002 - Attack of the Wargs.xml, 3 added to output
2025-07-14 13:06:51,670 - INFO - Processing file: 79003 - An Unexpected Gathering.xml
2025-07-14 13:06:51,671 - INFO - Created filtered file: C:\Development\BrickLinkReport\Filtered\filtered_79003 - An Unexpected Gathering.xml (8 items)
2025-07-14 13:06:51,671 - INFO - Processed 211 items from 79003 - An Unexpected Gathering.xml, 8 added to output
2025-07-14 13:06:51,671 - INFO - Processing file: 79004 - Barrel Escape.xml
2025-07-14 13:06:51,673 - INFO - Created filtered file: C:\Development\BrickLinkReport\Filtered\filtered_79004 - Barrel Escape.xml (6 items)
2025-07-14 13:06:51,673 - INFO - Processed 129 items from 79004 - Barrel Escape.xml, 6 added to output
2025-07-14 13:06:51,673 - INFO - Processing file: 79005 - The Wizard Battle.xml
2025-07-14 13:06:51,674 - INFO - Created filtered file: C:\Development\BrickLinkReport\Filtered\filtered_79005 - The Wizard Battle.xml (0 items)
2025-07-14 13:06:51,674 - INFO - Processed 58 items from 79005 - The Wizard Battle.xml, 0 added to output
2025-07-14 13:06:51,674 - INFO - Processing file: 79006 - The Council of Elrond.xml
2025-07-14 13:06:51,675 - INFO - Created filtered file: C:\Development\BrickLinkReport\Filtered\filtered_79006 - The Council of Elrond.xml (0 items)
2025-07-14 13:06:51,675 - INFO - Processed 100 items from 79006 - The Council of Elrond.xml, 0 added to output
2025-07-14 13:06:51,676 - INFO - Processing file: 79008 - Pirate Ship Ambush.xml
2025-07-14 13:06:51,678 - INFO - Created filtered file: C:\Development\BrickLinkReport\Filtered\filtered_79008 - Pirate Ship Ambush.xml (31 items)
2025-07-14 13:06:51,678 - INFO - Processed 209 items from 79008 - Pirate Ship Ambush.xml, 31 added to output
2025-07-14 13:06:51,678 - INFO - Processing file: 79010 - The Goblin King Battle.xml
2025-07-14 13:06:51,680 - INFO - Created filtered file: C:\Development\BrickLinkReport\Filtered\filtered_79010 - The Goblin King Battle.xml (13 items)
2025-07-14 13:06:51,680 - INFO - Processed 234 items from 79010 - The Goblin King Battle.xml, 13 added to output
2025-07-14 13:06:51,680 - INFO - Processing file: 79011 - Dol Guldur Ambush.xml
2025-07-14 13:06:51,681 - INFO - Created filtered file: C:\Development\BrickLinkReport\Filtered\filtered_79011 - Dol Guldur Ambush.xml (3 items)
2025-07-14 13:06:51,682 - INFO - Processed 88 items from 79011 - Dol Guldur Ambush.xml, 3 added to output
2025-07-14 13:06:51,682 - INFO - Processing file: 79012 - Mirkwood Elf Army.xml
2025-07-14 13:06:51,683 - INFO - Created filtered file: C:\Development\BrickLinkReport\Filtered\filtered_79012 - Mirkwood Elf Army.xml (2 items)
2025-07-14 13:06:51,683 - INFO - Processed 106 items from 79012 - Mirkwood Elf Army.xml, 2 added to output
2025-07-14 13:06:51,683 - INFO - Processing file: 79013 - Lake-town Chase.xml
2025-07-14 13:06:51,684 - INFO - Created filtered file: C:\Development\BrickLinkReport\Filtered\filtered_79013 - Lake-town Chase.xml (10 items)
2025-07-14 13:06:51,685 - INFO - Processed 156 items from 79013 - Lake-town Chase.xml, 10 added to output
2025-07-14 13:06:51,685 - INFO - Processing file: 79014 - Dol Guldur Battle.xml
2025-07-14 13:06:51,686 - INFO - Created filtered file: C:\Development\BrickLinkReport\Filtered\filtered_79014 - Dol Guldur Battle.xml (4 items)
2025-07-14 13:06:51,686 - INFO - Processed 195 items from 79014 - Dol Guldur Battle.xml, 4 added to output
2025-07-14 13:06:51,686 - INFO - Processing file: 79015 - Witch-King Battle.xml
2025-07-14 13:06:51,687 - INFO - Created filtered file: C:\Development\BrickLinkReport\Filtered\filtered_79015 - Witch-King Battle.xml (2 items)
2025-07-14 13:06:51,687 - INFO - Processed 60 items from 79015 - Witch-King Battle.xml, 2 added to output
2025-07-14 13:06:51,687 - INFO - Processing file: 79016 - Attack on lake town.xml
2025-07-14 13:06:51,688 - INFO - Created filtered file: C:\Development\BrickLinkReport\Filtered\filtered_79016 - Attack on lake town.xml (4 items)
2025-07-14 13:06:51,689 - INFO - Processed 137 items from 79016 - Attack on lake town.xml, 4 added to output
2025-07-14 13:06:51,689 - INFO - Processing file: 79017 - The Battle of Five Armies.xml
2025-07-14 13:06:51,690 - INFO - Created filtered file: C:\Development\BrickLinkReport\Filtered\filtered_79017 - The Battle of Five Armies.xml (18 items)
2025-07-14 13:06:51,690 - INFO - Processed 178 items from 79017 - The Battle of Five Armies.xml, 18 added to output
2025-07-14 13:06:51,690 - INFO - Processing file: 79018 - The Lonely Mountain.xml
2025-07-14 13:06:51,692 - INFO - Created filtered file: C:\Development\BrickLinkReport\Filtered\filtered_79018 - The Lonely Mountain.xml (20 items)
2025-07-14 13:06:51,693 - INFO - Processed 253 items from 79018 - The Lonely Mountain.xml, 20 added to output
2025-07-14 13:06:51,693 - INFO - Processing file: 9469 - Gandalf Arrives.xml
2025-07-14 13:06:51,693 - INFO - Created filtered file: C:\Development\BrickLinkReport\Filtered\filtered_9469 - Gandalf Arrives.xml (0 items)
2025-07-14 13:06:51,693 - INFO - Processed 45 items from 9469 - Gandalf Arrives.xml, 0 added to output
2025-07-14 13:06:51,694 - INFO - Processing file: 9470 - Shelob Attacks.xml
2025-07-14 13:06:51,695 - INFO - Created filtered file: C:\Development\BrickLinkReport\Filtered\filtered_9470 - Shelob Attacks.xml (7 items)
2025-07-14 13:06:51,695 - INFO - Processed 86 items from 9470 - Shelob Attacks.xml, 7 added to output
2025-07-14 13:06:51,695 - INFO - Processing file: 9471 - Uruk-Hai Army.xml
2025-07-14 13:06:51,697 - INFO - Created filtered file: C:\Development\BrickLinkReport\Filtered\filtered_9471 - Uruk-Hai Army.xml (5 items)
2025-07-14 13:06:51,697 - INFO - Processed 104 items from 9471 - Uruk-Hai Army.xml, 5 added to output
2025-07-14 13:06:51,697 - INFO - Processing file: 9472 - Attack On Weathertop.xml
2025-07-14 13:06:51,698 - INFO - Created filtered file: C:\Development\BrickLinkReport\Filtered\filtered_9472 - Attack On Weathertop.xml (7 items)
2025-07-14 13:06:51,698 - INFO - Processed 117 items from 9472 - Attack On Weathertop.xml, 7 added to output
2025-07-14 13:06:51,698 - INFO - Processing file: 9473 - The Mines of Moria.xml
2025-07-14 13:06:51,699 - INFO - Created filtered file: C:\Development\BrickLinkReport\Filtered\filtered_9473 - The Mines of Moria.xml (11 items)
2025-07-14 13:06:51,699 - INFO - Processed 197 items from 9473 - The Mines of Moria.xml, 11 added to output
2025-07-14 13:06:51,700 - INFO - Processing file: 9474 - The Battle Of Helm's Deep.xml
2025-07-14 13:06:51,701 - INFO - Created filtered file: C:\Development\BrickLinkReport\Filtered\filtered_9474 - The Battle Of Helm's Deep.xml (12 items)
2025-07-14 13:06:51,701 - INFO - Processed 243 items from 9474 - The Battle Of Helm's Deep.xml, 12 added to output
2025-07-14 13:06:51,701 - INFO - Processing file: 9476 - The Orc Forge.xml
2025-07-14 13:06:51,702 - INFO - Created filtered file: C:\Development\BrickLinkReport\Filtered\filtered_9476 - The Orc Forge.xml (4 items)
2025-07-14 13:06:51,703 - INFO - Processed 120 items from 9476 - The Orc Forge.xml, 4 added to output
2025-07-14 13:06:51,703 - INFO - Processing file: Comcon33 Bag End.xml
2025-07-14 13:06:51,704 - INFO - Created filtered file: C:\Development\BrickLinkReport\Filtered\filtered_Comcon33 Bag End.xml (36 items)
2025-07-14 13:06:51,704 - INFO - Processed 52 items from Comcon33 Bag End.xml, 36 added to output
2025-07-14 13:06:51,707 - INFO - Combined wanted list XML file created: C:\Development\BrickLinkReport\Filtered\wanted_list.xml
2025-07-14 13:06:51,708 - INFO - Combined file contains 197 unique items
2025-07-14 13:06:51,708 - INFO - === Processing Statistics ===
2025-07-14 13:06:51,708 - INFO - Files processed: 46
2025-07-14 13:06:51,708 - INFO - Total items processed: 5789
2025-07-14 13:06:51,709 - INFO - Unique items in combined file: 197
2025-07-14 13:06:51,709 - INFO - Items combined (duplicates): 55
2025-07-14 13:06:51,709 - INFO - Errors encountered: 0
2025-07-14 13:06:51,709 - INFO - Processing combiner: Other Sets Wanted List
2025-07-14 13:06:51,710 - INFO - Output directory ready: C:\Development\BrickLinkReport_Other\Filtered
2025-07-14 13:06:51,710 - INFO - Found 11 XML files, 11 will be processed
2025-07-14 13:06:51,710 - INFO - Excluded files: []
2025-07-14 13:06:51,710 - INFO - XML files found (excluding specified files): ['21034 - London.xml', '42123 - Senna GTR.xml', '42141 - McLaren formula 1.xml', '7590 - Woody and Buzz to the Rescue.xml', '75955 - Hogwarts express.xml', '75957 - Knight Bus.xml', '75968 - 4 Privet Drive.xml', '75979 - Hedwig.xml', '76398 - Hogwarts Hospital Wing.xml', '76402 - Dumbledore Office.xml', '76406 - Hungarian Horntail Dragon.xml']
2025-07-14 13:06:51,711 - INFO - Processing file: 21034 - London.xml
2025-07-14 13:06:51,712 - INFO - Created filtered file: C:\Development\BrickLinkReport_Other\Filtered\filtered_21034 - London.xml (17 items)
2025-07-14 13:06:51,712 - INFO - Processed 98 items from 21034 - London.xml, 17 added to output
2025-07-14 13:06:51,713 - INFO - Processing file: 42123 - Senna GTR.xml
2025-07-14 13:06:51,714 - INFO - Created filtered file: C:\Development\BrickLinkReport_Other\Filtered\filtered_42123 - Senna GTR.xml (5 items)
2025-07-14 13:06:51,714 - INFO - Processed 131 items from 42123 - Senna GTR.xml, 5 added to output
2025-07-14 13:06:51,714 - INFO - Processing file: 42141 - McLaren formula 1.xml
2025-07-14 13:06:51,716 - INFO - Created filtered file: C:\Development\BrickLinkReport_Other\Filtered\filtered_42141 - McLaren formula 1.xml (17 items)
2025-07-14 13:06:51,716 - INFO - Processed 212 items from 42141 - McLaren formula 1.xml, 17 added to output
2025-07-14 13:06:51,716 - INFO - Processing file: 7590 - Woody and Buzz to the Rescue.xml
2025-07-14 13:06:51,717 - INFO - Created filtered file: C:\Development\BrickLinkReport_Other\Filtered\filtered_7590 - Woody and Buzz to the Rescue.xml (3 items)
2025-07-14 13:06:51,717 - INFO - Processed 47 items from 7590 - Woody and Buzz to the Rescue.xml, 3 added to output
2025-07-14 13:06:51,717 - INFO - Processing file: 75955 - Hogwarts express.xml
2025-07-14 13:06:51,719 - INFO - Created filtered file: C:\Development\BrickLinkReport_Other\Filtered\filtered_75955 - Hogwarts express.xml (32 items)
2025-07-14 13:06:51,719 - INFO - Processed 263 items from 75955 - Hogwarts express.xml, 32 added to output
2025-07-14 13:06:51,720 - INFO - Processing file: 75957 - Knight Bus.xml
2025-07-14 13:06:51,721 - INFO - Created filtered file: C:\Development\BrickLinkReport_Other\Filtered\filtered_75957 - Knight Bus.xml (16 items)
2025-07-14 13:06:51,721 - INFO - Processed 129 items from 75957 - Knight Bus.xml, 16 added to output
2025-07-14 13:06:51,722 - INFO - Processing file: 75968 - 4 Privet Drive.xml
2025-07-14 13:06:51,723 - INFO - Created filtered file: C:\Development\BrickLinkReport_Other\Filtered\filtered_75968 - 4 Privet Drive.xml (32 items)
2025-07-14 13:06:51,724 - INFO - Processed 256 items from 75968 - 4 Privet Drive.xml, 32 added to output
2025-07-14 13:06:51,724 - INFO - Processing file: 75979 - Hedwig.xml
2025-07-14 13:06:51,726 - INFO - Created filtered file: C:\Development\BrickLinkReport_Other\Filtered\filtered_75979 - Hedwig.xml (17 items)
2025-07-14 13:06:51,726 - INFO - Processed 167 items from 75979 - Hedwig.xml, 17 added to output
2025-07-14 13:06:51,726 - INFO - Processing file: 76398 - Hogwarts Hospital Wing.xml
2025-07-14 13:06:51,728 - INFO - Created filtered file: C:\Development\BrickLinkReport_Other\Filtered\filtered_76398 - Hogwarts Hospital Wing.xml (26 items)
2025-07-14 13:06:51,728 - INFO - Processed 157 items from 76398 - Hogwarts Hospital Wing.xml, 26 added to output
2025-07-14 13:06:51,728 - INFO - Processing file: 76402 - Dumbledore Office.xml
2025-07-14 13:06:51,752 - INFO - Created filtered file: C:\Development\BrickLinkReport_Other\Filtered\filtered_76402 - Dumbledore Office.xml (0 items)
2025-07-14 13:06:51,752 - INFO - Processed 236 items from 76402 - Dumbledore Office.xml, 0 added to output
2025-07-14 13:06:51,753 - INFO - Processing file: 76406 - Hungarian Horntail Dragon.xml
2025-07-14 13:06:51,754 - INFO - Created filtered file: C:\Development\BrickLinkReport_Other\Filtered\filtered_76406 - Hungarian Horntail Dragon.xml (21 items)
2025-07-14 13:06:51,754 - INFO - Processed 194 items from 76406 - Hungarian Horntail Dragon.xml, 21 added to output
2025-07-14 13:06:51,757 - INFO - Combined wanted list XML file created: C:\Development\BrickLinkReport_Other\Filtered\wanted_list_Other.xml
2025-07-14 13:06:51,757 - INFO - Combined file contains 153 unique items
2025-07-14 13:06:51,758 - INFO - === Processing Statistics ===
2025-07-14 13:06:51,758 - INFO - Files processed: 11
2025-07-14 13:06:51,758 - INFO - Total items processed: 1890
2025-07-14 13:06:51,758 - INFO - Unique items in combined file: 153
2025-07-14 13:06:51,758 - INFO - Items combined (duplicates): 33
2025-07-14 13:06:51,759 - INFO - Errors encountered: 0
2025-07-14 13:06:51,759 - INFO - All processing completed successfully!
2025-07-14 13:14:42,518 - INFO - Configuration loaded from config.json
2025-07-14 13:14:42,518 - INFO - Starting LEGO analysis with configuration file
2025-07-14 13:14:42,518 - INFO - Processing report: LOTR Collection
2025-07-14 13:14:42,519 - INFO - Loaded 212 color mappings
2025-07-14 13:14:42,520 - INFO - XML files found: ['10237 - Tower of Orthanc.xml', '10316 - The Lord of the Rings Rivendell.xml', '10333 - Barad-dur.xml', '10354 - The Shire.xml', '10367 - Balrog Book Nook.xml', '30210 - Frodo with Cooking Corner.xml', '30211 - Uruk-Hai with Ballista.xml', '30212 - Mirkwood Elf Guard.xml', '30213 - Gandalf at Dol Guldur.xml', '30215 - Legolas Greenleaf.xml', '30216 - Lake Town Guard.xml', '3920 - The Hobbit An Unexpected Journey.xml', '40630 - Frodo .xml', '40631 - Gandalf the Grey and Balrog.xml', '40632 - Aragorn and Arwen.xml', '40693 - Fell Beast.xml', '40751 - Legolas .xml', '40761 - Smeagol and Deagol.xml', '5000202 - Elrond.xml', '50011 - The Battle of Helms Deep.xml', '71171 - Gandalf.xml', '71218 - Gollum.xml', '71219 - Legolas.xml', '71220 - Gimli.xml', '79000 - Riddles for the Ring.xml', '79001 - Escape from Mirkwood Spiders.xml', '79002 - Attack of the Wargs.xml', '79003 - An Unexpected Gathering.xml', '79004 - Barrel Escape.xml', '79005 - The Wizard Battle.xml', '79006 - The Council of Elrond.xml', '79007 - Battle at the Black Gate.xml', '79008 - Pirate Ship Ambush.xml', '79010 - The Goblin King Battle.xml', '79011 - Dol Guldur Ambush.xml', '79012 - Mirkwood Elf Army.xml', '79013 - Lake-town Chase.xml', '79014 - Dol Guldur Battle.xml', '79015 - Witch-King Battle.xml', '79016 - Attack on lake town.xml', '79017 - The Battle of Five Armies.xml', '79018 - The Lonely Mountain.xml', '9469 - Gandalf Arrives.xml', '9470 - Shelob Attacks.xml', '9471 - Uruk-Hai Army.xml', '9472 - Attack On Weathertop.xml', '9473 - The Mines of Moria.xml', "9474 - The Battle Of Helm's Deep.xml", '9476 - The Orc Forge.xml', 'Comcon33 Bag End.xml']
2025-07-14 13:14:54,301 - INFO - Report saved to C:\Development\BrickLinkReport\LEGO_Set_Color_Quantities_Report.pdf
2025-07-14 13:14:54,301 - INFO - Processing report: Other Sets
2025-07-14 13:14:54,302 - INFO - Loaded 212 color mappings
2025-07-14 13:14:54,302 - INFO - XML files found: ['21034 - London.xml', '42123 - Senna GTR.xml', '42141 - McLaren formula 1.xml', '7590 - Woody and Buzz to the Rescue.xml', '75955 - Hogwarts express.xml', '75957 - Knight Bus.xml', '75968 - 4 Privet Drive.xml', '75979 - Hedwig.xml', '76398 - Hogwarts Hospital Wing.xml', '76402 - Dumbledore Office.xml', '76406 - Hungarian Horntail Dragon.xml']
2025-07-14 13:14:57,402 - INFO - Report saved to C:\Development\BrickLinkReport_Other\LEGO_Set_Color_Quantities_Report_NonLOTR.pdf
2025-07-14 13:14:57,402 - INFO - Processing combiner: LOTR Wanted List
2025-07-14 13:14:57,403 - INFO - Output directory ready: C:\Development\BrickLinkReport\Filtered
2025-07-14 13:14:57,403 - INFO - Found 50 XML files, 48 will be processed
2025-07-14 13:14:57,403 - INFO - Excluded files: ['10333 - Barad-dur.xml', '10237 - Tower of Orthanc.xml']
2025-07-14 13:14:57,404 - INFO - XML files found (excluding specified files): ['10316 - The Lord of the Rings Rivendell.xml', '10354 - The Shire.xml', '10367 - Balrog Book Nook.xml', '30210 - Frodo with Cooking Corner.xml', '30211 - Uruk-Hai with Ballista.xml', '30212 - Mirkwood Elf Guard.xml', '30213 - Gandalf at Dol Guldur.xml', '30215 - Legolas Greenleaf.xml', '30216 - Lake Town Guard.xml', '3920 - The Hobbit An Unexpected Journey.xml', '40630 - Frodo .xml', '40631 - Gandalf the Grey and Balrog.xml', '40632 - Aragorn and Arwen.xml', '40693 - Fell Beast.xml', '40751 - Legolas .xml', '40761 - Smeagol and Deagol.xml', '5000202 - Elrond.xml', '50011 - The Battle of Helms Deep.xml', '71171 - Gandalf.xml', '71218 - Gollum.xml', '71219 - Legolas.xml', '71220 - Gimli.xml', '79000 - Riddles for the Ring.xml', '79001 - Escape from Mirkwood Spiders.xml', '79002 - Attack of the Wargs.xml', '79003 - An Unexpected Gathering.xml', '79004 - Barrel Escape.xml', '79005 - The Wizard Battle.xml', '79006 - The Council of Elrond.xml', '79007 - Battle at the Black Gate.xml', '79008 - Pirate Ship Ambush.xml', '79010 - The Goblin King Battle.xml', '79011 - Dol Guldur Ambush.xml', '79012 - Mirkwood Elf Army.xml', '79013 - Lake-town Chase.xml', '79014 - Dol Guldur Battle.xml', '79015 - Witch-King Battle.xml', '79016 - Attack on lake town.xml', '79017 - The Battle of Five Armies.xml', '79018 - The Lonely Mountain.xml', '9469 - Gandalf Arrives.xml', '9470 - Shelob Attacks.xml', '9471 - Uruk-Hai Army.xml', '9472 - Attack On Weathertop.xml', '9473 - The Mines of Moria.xml', "9474 - The Battle Of Helm's Deep.xml", '9476 - The Orc Forge.xml', 'Comcon33 Bag End.xml']
2025-07-14 13:14:57,404 - INFO - Processing file: 10316 - The Lord of the Rings Rivendell.xml
2025-07-14 13:14:57,409 - INFO - Created filtered file: C:\Development\BrickLinkReport\Filtered\filtered_10316 - The Lord of the Rings Rivendell.xml (29 items)
2025-07-14 13:14:57,409 - INFO - Processed 960 items from 10316 - The Lord of the Rings Rivendell.xml, 29 added to output
2025-07-14 13:14:57,409 - INFO - Processing file: 10354 - The Shire.xml
2025-07-14 13:14:57,412 - INFO - Created filtered file: C:\Development\BrickLinkReport\Filtered\filtered_10354 - The Shire.xml (0 items)
2025-07-14 13:14:57,412 - INFO - Processed 537 items from 10354 - The Shire.xml, 0 added to output
2025-07-14 13:14:57,413 - INFO - Processing file: 10367 - Balrog Book Nook.xml
2025-07-14 13:14:57,415 - INFO - Created filtered file: C:\Development\BrickLinkReport\Filtered\filtered_10367 - Balrog Book Nook.xml (0 items)
2025-07-14 13:14:57,415 - INFO - Processed 300 items from 10367 - Balrog Book Nook.xml, 0 added to output
2025-07-14 13:14:57,415 - INFO - Processing file: 30210 - Frodo with Cooking Corner.xml
2025-07-14 13:14:57,416 - INFO - Created filtered file: C:\Development\BrickLinkReport\Filtered\filtered_30210 - Frodo with Cooking Corner.xml (0 items)
2025-07-14 13:14:57,416 - INFO - Processed 26 items from 30210 - Frodo with Cooking Corner.xml, 0 added to output
2025-07-14 13:14:57,416 - INFO - Processing file: 30211 - Uruk-Hai with Ballista.xml
2025-07-14 13:14:57,417 - INFO - Created filtered file: C:\Development\BrickLinkReport\Filtered\filtered_30211 - Uruk-Hai with Ballista.xml (0 items)
2025-07-14 13:14:57,417 - INFO - Processed 16 items from 30211 - Uruk-Hai with Ballista.xml, 0 added to output
2025-07-14 13:14:57,417 - INFO - Processing file: 30212 - Mirkwood Elf Guard.xml
2025-07-14 13:14:57,418 - INFO - Created filtered file: C:\Development\BrickLinkReport\Filtered\filtered_30212 - Mirkwood Elf Guard.xml (0 items)
2025-07-14 13:14:57,418 - INFO - Processed 26 items from 30212 - Mirkwood Elf Guard.xml, 0 added to output
2025-07-14 13:14:57,418 - INFO - Processing file: 30213 - Gandalf at Dol Guldur.xml
2025-07-14 13:14:57,419 - INFO - Created filtered file: C:\Development\BrickLinkReport\Filtered\filtered_30213 - Gandalf at Dol Guldur.xml (0 items)
2025-07-14 13:14:57,419 - INFO - Processed 24 items from 30213 - Gandalf at Dol Guldur.xml, 0 added to output
2025-07-14 13:14:57,419 - INFO - Processing file: 30215 - Legolas Greenleaf.xml
2025-07-14 13:14:57,420 - INFO - Created filtered file: C:\Development\BrickLinkReport\Filtered\filtered_30215 - Legolas Greenleaf.xml (2 items)
2025-07-14 13:14:57,420 - INFO - Processed 22 items from 30215 - Legolas Greenleaf.xml, 2 added to output
2025-07-14 13:14:57,420 - INFO - Processing file: 30216 - Lake Town Guard.xml
2025-07-14 13:14:57,421 - INFO - Created filtered file: C:\Development\BrickLinkReport\Filtered\filtered_30216 - Lake Town Guard.xml (0 items)
2025-07-14 13:14:57,421 - INFO - Processed 23 items from 30216 - Lake Town Guard.xml, 0 added to output
2025-07-14 13:14:57,421 - INFO - Processing file: 3920 - The Hobbit An Unexpected Journey.xml
2025-07-14 13:14:57,422 - INFO - Created filtered file: C:\Development\BrickLinkReport\Filtered\filtered_3920 - The Hobbit An Unexpected Journey.xml (1 items)
2025-07-14 13:14:57,422 - INFO - Processed 57 items from 3920 - The Hobbit An Unexpected Journey.xml, 1 added to output
2025-07-14 13:14:57,422 - INFO - Processing file: 40630 - Frodo .xml
2025-07-14 13:14:57,423 - INFO - Created filtered file: C:\Development\BrickLinkReport\Filtered\filtered_40630 - Frodo .xml (0 items)
2025-07-14 13:14:57,423 - INFO - Processed 70 items from 40630 - Frodo .xml, 0 added to output
2025-07-14 13:14:57,423 - INFO - Processing file: 40631 - Gandalf the Grey and Balrog.xml
2025-07-14 13:14:57,424 - INFO - Created filtered file: C:\Development\BrickLinkReport\Filtered\filtered_40631 - Gandalf the Grey and Balrog.xml (0 items)
2025-07-14 13:14:57,424 - INFO - Processed 108 items from 40631 - Gandalf the Grey and Balrog.xml, 0 added to output
2025-07-14 13:14:57,425 - INFO - Processing file: 40632 - Aragorn and Arwen.xml
2025-07-14 13:14:57,425 - INFO - Created filtered file: C:\Development\BrickLinkReport\Filtered\filtered_40632 - Aragorn and Arwen.xml (0 items)
2025-07-14 13:14:57,426 - INFO - Processed 97 items from 40632 - Aragorn and Arwen.xml, 0 added to output
2025-07-14 13:14:57,426 - INFO - Processing file: 40693 - Fell Beast.xml
2025-07-14 13:14:57,427 - INFO - Created filtered file: C:\Development\BrickLinkReport\Filtered\filtered_40693 - Fell Beast.xml (0 items)
2025-07-14 13:14:57,427 - INFO - Processed 91 items from 40693 - Fell Beast.xml, 0 added to output
2025-07-14 13:14:57,427 - INFO - Processing file: 40751 - Legolas .xml
2025-07-14 13:14:57,428 - INFO - Created filtered file: C:\Development\BrickLinkReport\Filtered\filtered_40751 - Legolas .xml (0 items)
2025-07-14 13:14:57,428 - INFO - Processed 98 items from 40751 - Legolas .xml, 0 added to output
2025-07-14 13:14:57,428 - INFO - Processing file: 40761 - Smeagol and Deagol.xml
2025-07-14 13:14:57,429 - INFO - Created filtered file: C:\Development\BrickLinkReport\Filtered\filtered_40761 - Smeagol and Deagol.xml (0 items)
2025-07-14 13:14:57,429 - INFO - Processed 97 items from 40761 - Smeagol and Deagol.xml, 0 added to output
2025-07-14 13:14:57,429 - INFO - Processing file: 5000202 - Elrond.xml
2025-07-14 13:14:57,430 - INFO - Created filtered file: C:\Development\BrickLinkReport\Filtered\filtered_5000202 - Elrond.xml (0 items)
2025-07-14 13:14:57,430 - INFO - Processed 6 items from 5000202 - Elrond.xml, 0 added to output
2025-07-14 13:14:57,430 - INFO - Processing file: 50011 - The Battle of Helms Deep.xml
2025-07-14 13:14:57,431 - INFO - Created filtered file: C:\Development\BrickLinkReport\Filtered\filtered_50011 - The Battle of Helms Deep.xml (1 items)
2025-07-14 13:14:57,431 - INFO - Processed 89 items from 50011 - The Battle of Helms Deep.xml, 1 added to output
2025-07-14 13:14:57,432 - INFO - Processing file: 71171 - Gandalf.xml
2025-07-14 13:14:57,432 - INFO - Created filtered file: C:\Development\BrickLinkReport\Filtered\filtered_71171 - Gandalf.xml (0 items)
2025-07-14 13:14:57,432 - INFO - Processed 2 items from 71171 - Gandalf.xml, 0 added to output
2025-07-14 13:14:57,432 - INFO - Processing file: 71218 - Gollum.xml
2025-07-14 13:14:57,433 - INFO - Created filtered file: C:\Development\BrickLinkReport\Filtered\filtered_71218 - Gollum.xml (1 items)
2025-07-14 13:14:57,433 - INFO - Processed 19 items from 71218 - Gollum.xml, 1 added to output
2025-07-14 13:14:57,433 - INFO - Processing file: 71219 - Legolas.xml
2025-07-14 13:14:57,434 - INFO - Created filtered file: C:\Development\BrickLinkReport\Filtered\filtered_71219 - Legolas.xml (3 items)
2025-07-14 13:14:57,434 - INFO - Processed 28 items from 71219 - Legolas.xml, 3 added to output
2025-07-14 13:14:57,434 - INFO - Processing file: 71220 - Gimli.xml
2025-07-14 13:14:57,435 - INFO - Created filtered file: C:\Development\BrickLinkReport\Filtered\filtered_71220 - Gimli.xml (0 items)
2025-07-14 13:14:57,435 - INFO - Processed 32 items from 71220 - Gimli.xml, 0 added to output
2025-07-14 13:14:57,435 - INFO - Processing file: 79000 - Riddles for the Ring.xml
2025-07-14 13:14:57,436 - INFO - Created filtered file: C:\Development\BrickLinkReport\Filtered\filtered_79000 - Riddles for the Ring.xml (7 items)
2025-07-14 13:14:57,436 - INFO - Processed 50 items from 79000 - Riddles for the Ring.xml, 7 added to output
2025-07-14 13:14:57,436 - INFO - Processing file: 79001 - Escape from Mirkwood Spiders.xml
2025-07-14 13:14:57,437 - INFO - Created filtered file: C:\Development\BrickLinkReport\Filtered\filtered_79001 - Escape from Mirkwood Spiders.xml (2 items)
2025-07-14 13:14:57,437 - INFO - Processed 96 items from 79001 - Escape from Mirkwood Spiders.xml, 2 added to output
2025-07-14 13:14:57,437 - INFO - Processing file: 79002 - Attack of the Wargs.xml
2025-07-14 13:14:57,438 - INFO - Created filtered file: C:\Development\BrickLinkReport\Filtered\filtered_79002 - Attack of the Wargs.xml (3 items)
2025-07-14 13:14:57,438 - INFO - Processed 137 items from 79002 - Attack of the Wargs.xml, 3 added to output
2025-07-14 13:14:57,438 - INFO - Processing file: 79003 - An Unexpected Gathering.xml
2025-07-14 13:14:57,440 - INFO - Created filtered file: C:\Development\BrickLinkReport\Filtered\filtered_79003 - An Unexpected Gathering.xml (8 items)
2025-07-14 13:14:57,440 - INFO - Processed 211 items from 79003 - An Unexpected Gathering.xml, 8 added to output
2025-07-14 13:14:57,440 - INFO - Processing file: 79004 - Barrel Escape.xml
2025-07-14 13:14:57,441 - INFO - Created filtered file: C:\Development\BrickLinkReport\Filtered\filtered_79004 - Barrel Escape.xml (6 items)
2025-07-14 13:14:57,441 - INFO - Processed 129 items from 79004 - Barrel Escape.xml, 6 added to output
2025-07-14 13:14:57,442 - INFO - Processing file: 79005 - The Wizard Battle.xml
2025-07-14 13:14:57,442 - INFO - Created filtered file: C:\Development\BrickLinkReport\Filtered\filtered_79005 - The Wizard Battle.xml (0 items)
2025-07-14 13:14:57,442 - INFO - Processed 58 items from 79005 - The Wizard Battle.xml, 0 added to output
2025-07-14 13:14:57,443 - INFO - Processing file: 79006 - The Council of Elrond.xml
2025-07-14 13:14:57,443 - INFO - Created filtered file: C:\Development\BrickLinkReport\Filtered\filtered_79006 - The Council of Elrond.xml (0 items)
2025-07-14 13:14:57,444 - INFO - Processed 100 items from 79006 - The Council of Elrond.xml, 0 added to output
2025-07-14 13:14:57,444 - INFO - Processing file: 79007 - Battle at the Black Gate.xml
2025-07-14 13:14:57,445 - INFO - Created filtered file: C:\Development\BrickLinkReport\Filtered\filtered_79007 - Battle at the Black Gate.xml (13 items)
2025-07-14 13:14:57,445 - INFO - Processed 166 items from 79007 - Battle at the Black Gate.xml, 13 added to output
2025-07-14 13:14:57,446 - INFO - Processing file: 79008 - Pirate Ship Ambush.xml
2025-07-14 13:14:57,448 - INFO - Created filtered file: C:\Development\BrickLinkReport\Filtered\filtered_79008 - Pirate Ship Ambush.xml (31 items)
2025-07-14 13:14:57,448 - INFO - Processed 209 items from 79008 - Pirate Ship Ambush.xml, 31 added to output
2025-07-14 13:14:57,448 - INFO - Processing file: 79010 - The Goblin King Battle.xml
2025-07-14 13:14:57,449 - INFO - Created filtered file: C:\Development\BrickLinkReport\Filtered\filtered_79010 - The Goblin King Battle.xml (13 items)
2025-07-14 13:14:57,450 - INFO - Processed 234 items from 79010 - The Goblin King Battle.xml, 13 added to output
2025-07-14 13:14:57,450 - INFO - Processing file: 79011 - Dol Guldur Ambush.xml
2025-07-14 13:14:57,451 - INFO - Created filtered file: C:\Development\BrickLinkReport\Filtered\filtered_79011 - Dol Guldur Ambush.xml (3 items)
2025-07-14 13:14:57,451 - INFO - Processed 88 items from 79011 - Dol Guldur Ambush.xml, 3 added to output
2025-07-14 13:14:57,451 - INFO - Processing file: 79012 - Mirkwood Elf Army.xml
2025-07-14 13:14:57,452 - INFO - Created filtered file: C:\Development\BrickLinkReport\Filtered\filtered_79012 - Mirkwood Elf Army.xml (2 items)
2025-07-14 13:14:57,452 - INFO - Processed 106 items from 79012 - Mirkwood Elf Army.xml, 2 added to output
2025-07-14 13:14:57,452 - INFO - Processing file: 79013 - Lake-town Chase.xml
2025-07-14 13:14:57,454 - INFO - Created filtered file: C:\Development\BrickLinkReport\Filtered\filtered_79013 - Lake-town Chase.xml (10 items)
2025-07-14 13:14:57,454 - INFO - Processed 156 items from 79013 - Lake-town Chase.xml, 10 added to output
2025-07-14 13:14:57,454 - INFO - Processing file: 79014 - Dol Guldur Battle.xml
2025-07-14 13:14:57,455 - INFO - Created filtered file: C:\Development\BrickLinkReport\Filtered\filtered_79014 - Dol Guldur Battle.xml (4 items)
2025-07-14 13:14:57,455 - INFO - Processed 195 items from 79014 - Dol Guldur Battle.xml, 4 added to output
2025-07-14 13:14:57,456 - INFO - Processing file: 79015 - Witch-King Battle.xml
2025-07-14 13:14:57,456 - INFO - Created filtered file: C:\Development\BrickLinkReport\Filtered\filtered_79015 - Witch-King Battle.xml (2 items)
2025-07-14 13:14:57,456 - INFO - Processed 60 items from 79015 - Witch-King Battle.xml, 2 added to output
2025-07-14 13:14:57,457 - INFO - Processing file: 79016 - Attack on lake town.xml
2025-07-14 13:14:57,458 - INFO - Created filtered file: C:\Development\BrickLinkReport\Filtered\filtered_79016 - Attack on lake town.xml (4 items)
2025-07-14 13:14:57,458 - INFO - Processed 137 items from 79016 - Attack on lake town.xml, 4 added to output
2025-07-14 13:14:57,458 - INFO - Processing file: 79017 - The Battle of Five Armies.xml
2025-07-14 13:14:57,459 - INFO - Created filtered file: C:\Development\BrickLinkReport\Filtered\filtered_79017 - The Battle of Five Armies.xml (18 items)
2025-07-14 13:14:57,460 - INFO - Processed 178 items from 79017 - The Battle of Five Armies.xml, 18 added to output
2025-07-14 13:14:57,460 - INFO - Processing file: 79018 - The Lonely Mountain.xml
2025-07-14 13:14:57,462 - INFO - Created filtered file: C:\Development\BrickLinkReport\Filtered\filtered_79018 - The Lonely Mountain.xml (20 items)
2025-07-14 13:14:57,462 - INFO - Processed 253 items from 79018 - The Lonely Mountain.xml, 20 added to output
2025-07-14 13:14:57,462 - INFO - Processing file: 9469 - Gandalf Arrives.xml
2025-07-14 13:14:57,463 - INFO - Created filtered file: C:\Development\BrickLinkReport\Filtered\filtered_9469 - Gandalf Arrives.xml (0 items)
2025-07-14 13:14:57,463 - INFO - Processed 45 items from 9469 - Gandalf Arrives.xml, 0 added to output
2025-07-14 13:14:57,463 - INFO - Processing file: 9470 - Shelob Attacks.xml
2025-07-14 13:14:57,464 - INFO - Created filtered file: C:\Development\BrickLinkReport\Filtered\filtered_9470 - Shelob Attacks.xml (7 items)
2025-07-14 13:14:57,464 - INFO - Processed 86 items from 9470 - Shelob Attacks.xml, 7 added to output
2025-07-14 13:14:57,465 - INFO - Processing file: 9471 - Uruk-Hai Army.xml
2025-07-14 13:14:57,466 - INFO - Created filtered file: C:\Development\BrickLinkReport\Filtered\filtered_9471 - Uruk-Hai Army.xml (5 items)
2025-07-14 13:14:57,466 - INFO - Processed 104 items from 9471 - Uruk-Hai Army.xml, 5 added to output
2025-07-14 13:14:57,466 - INFO - Processing file: 9472 - Attack On Weathertop.xml
2025-07-14 13:14:57,467 - INFO - Created filtered file: C:\Development\BrickLinkReport\Filtered\filtered_9472 - Attack On Weathertop.xml (7 items)
2025-07-14 13:14:57,467 - INFO - Processed 117 items from 9472 - Attack On Weathertop.xml, 7 added to output
2025-07-14 13:14:57,467 - INFO - Processing file: 9473 - The Mines of Moria.xml
2025-07-14 13:14:57,469 - INFO - Created filtered file: C:\Development\BrickLinkReport\Filtered\filtered_9473 - The Mines of Moria.xml (11 items)
2025-07-14 13:14:57,469 - INFO - Processed 197 items from 9473 - The Mines of Moria.xml, 11 added to output
2025-07-14 13:14:57,469 - INFO - Processing file: 9474 - The Battle Of Helm's Deep.xml
2025-07-14 13:14:57,471 - INFO - Created filtered file: C:\Development\BrickLinkReport\Filtered\filtered_9474 - The Battle Of Helm's Deep.xml (12 items)
2025-07-14 13:14:57,471 - INFO - Processed 243 items from 9474 - The Battle Of Helm's Deep.xml, 12 added to output
2025-07-14 13:14:57,471 - INFO - Processing file: 9476 - The Orc Forge.xml
2025-07-14 13:14:57,494 - INFO - Created filtered file: C:\Development\BrickLinkReport\Filtered\filtered_9476 - The Orc Forge.xml (4 items)
2025-07-14 13:14:57,495 - INFO - Processed 120 items from 9476 - The Orc Forge.xml, 4 added to output
2025-07-14 13:14:57,495 - INFO - Processing file: Comcon33 Bag End.xml
2025-07-14 13:14:57,496 - INFO - Created filtered file: C:\Development\BrickLinkReport\Filtered\filtered_Comcon33 Bag End.xml (36 items)
2025-07-14 13:14:57,496 - INFO - Processed 52 items from Comcon33 Bag End.xml, 36 added to output
2025-07-14 13:14:57,499 - INFO - Combined wanted list XML file created: C:\Development\BrickLinkReport\Filtered\wanted_list.xml
2025-07-14 13:14:57,500 - INFO - Combined file contains 202 unique items
2025-07-14 13:14:57,500 - INFO - === Processing Statistics ===
2025-07-14 13:14:57,500 - INFO - Files processed: 48
2025-07-14 13:14:57,500 - INFO - Total items processed: 6255
2025-07-14 13:14:57,500 - INFO - Unique items in combined file: 202
2025-07-14 13:14:57,500 - INFO - Items combined (duplicates): 63
2025-07-14 13:14:57,501 - INFO - Errors encountered: 0
2025-07-14 13:14:57,501 - INFO - Processing combiner: Other Sets Wanted List
2025-07-14 13:14:57,501 - INFO - Output directory ready: C:\Development\BrickLinkReport_Other\Filtered
2025-07-14 13:14:57,502 - INFO - Found 11 XML files, 11 will be processed
2025-07-14 13:14:57,502 - INFO - Excluded files: []
2025-07-14 13:14:57,502 - INFO - XML files found (excluding specified files): ['21034 - London.xml', '42123 - Senna GTR.xml', '42141 - McLaren formula 1.xml', '7590 - Woody and Buzz to the Rescue.xml', '75955 - Hogwarts express.xml', '75957 - Knight Bus.xml', '75968 - 4 Privet Drive.xml', '75979 - Hedwig.xml', '76398 - Hogwarts Hospital Wing.xml', '76402 - Dumbledore Office.xml', '76406 - Hungarian Horntail Dragon.xml']
2025-07-14 13:14:57,502 - INFO - Processing file: 21034 - London.xml
2025-07-14 13:14:57,503 - INFO - Created filtered file: C:\Development\BrickLinkReport_Other\Filtered\filtered_21034 - London.xml (17 items)
2025-07-14 13:14:57,503 - INFO - Processed 98 items from 21034 - London.xml, 17 added to output
2025-07-14 13:14:57,504 - INFO - Processing file: 42123 - Senna GTR.xml
2025-07-14 13:14:57,505 - INFO - Created filtered file: C:\Development\BrickLinkReport_Other\Filtered\filtered_42123 - Senna GTR.xml (5 items)
2025-07-14 13:14:57,505 - INFO - Processed 131 items from 42123 - Senna GTR.xml, 5 added to output
2025-07-14 13:14:57,505 - INFO - Processing file: 42141 - McLaren formula 1.xml
2025-07-14 13:14:57,507 - INFO - Created filtered file: C:\Development\BrickLinkReport_Other\Filtered\filtered_42141 - McLaren formula 1.xml (17 items)
2025-07-14 13:14:57,507 - INFO - Processed 212 items from 42141 - McLaren formula 1.xml, 17 added to output
2025-07-14 13:14:57,507 - INFO - Processing file: 7590 - Woody and Buzz to the Rescue.xml
2025-07-14 13:14:57,508 - INFO - Created filtered file: C:\Development\BrickLinkReport_Other\Filtered\filtered_7590 - Woody and Buzz to the Rescue.xml (3 items)
2025-07-14 13:14:57,508 - INFO - Processed 47 items from 7590 - Woody and Buzz to the Rescue.xml, 3 added to output
2025-07-14 13:14:57,508 - INFO - Processing file: 75955 - Hogwarts express.xml
2025-07-14 13:14:57,510 - INFO - Created filtered file: C:\Development\BrickLinkReport_Other\Filtered\filtered_75955 - Hogwarts express.xml (32 items)
2025-07-14 13:14:57,510 - INFO - Processed 263 items from 75955 - Hogwarts express.xml, 32 added to output
2025-07-14 13:14:57,511 - INFO - Processing file: 75957 - Knight Bus.xml
2025-07-14 13:14:57,512 - INFO - Created filtered file: C:\Development\BrickLinkReport_Other\Filtered\filtered_75957 - Knight Bus.xml (16 items)
2025-07-14 13:14:57,512 - INFO - Processed 129 items from 75957 - Knight Bus.xml, 16 added to output
2025-07-14 13:14:57,512 - INFO - Processing file: 75968 - 4 Privet Drive.xml
2025-07-14 13:14:57,514 - INFO - Created filtered file: C:\Development\BrickLinkReport_Other\Filtered\filtered_75968 - 4 Privet Drive.xml (32 items)
2025-07-14 13:14:57,515 - INFO - Processed 256 items from 75968 - 4 Privet Drive.xml, 32 added to output
2025-07-14 13:14:57,515 - INFO - Processing file: 75979 - Hedwig.xml
2025-07-14 13:14:57,516 - INFO - Created filtered file: C:\Development\BrickLinkReport_Other\Filtered\filtered_75979 - Hedwig.xml (17 items)
2025-07-14 13:14:57,516 - INFO - Processed 167 items from 75979 - Hedwig.xml, 17 added to output
2025-07-14 13:14:57,517 - INFO - Processing file: 76398 - Hogwarts Hospital Wing.xml
2025-07-14 13:14:57,518 - INFO - Created filtered file: C:\Development\BrickLinkReport_Other\Filtered\filtered_76398 - Hogwarts Hospital Wing.xml (26 items)
2025-07-14 13:14:57,518 - INFO - Processed 157 items from 76398 - Hogwarts Hospital Wing.xml, 26 added to output
2025-07-14 13:14:57,519 - INFO - Processing file: 76402 - Dumbledore Office.xml
2025-07-14 13:14:57,520 - INFO - Created filtered file: C:\Development\BrickLinkReport_Other\Filtered\filtered_76402 - Dumbledore Office.xml (0 items)
2025-07-14 13:14:57,520 - INFO - Processed 236 items from 76402 - Dumbledore Office.xml, 0 added to output
2025-07-14 13:14:57,520 - INFO - Processing file: 76406 - Hungarian Horntail Dragon.xml
2025-07-14 13:14:57,522 - INFO - Created filtered file: C:\Development\BrickLinkReport_Other\Filtered\filtered_76406 - Hungarian Horntail Dragon.xml (21 items)
2025-07-14 13:14:57,522 - INFO - Processed 194 items from 76406 - Hungarian Horntail Dragon.xml, 21 added to output
2025-07-14 13:14:57,525 - INFO - Combined wanted list XML file created: C:\Development\BrickLinkReport_Other\Filtered\wanted_list_Other.xml
2025-07-14 13:14:57,525 - INFO - Combined file contains 153 unique items
2025-07-14 13:14:57,526 - INFO - === Processing Statistics ===
2025-07-14 13:14:57,526 - INFO - Files processed: 11
2025-07-14 13:14:57,526 - INFO - Total items processed: 1890
2025-07-14 13:14:57,526 - INFO - Unique items in combined file: 153
2025-07-14 13:14:57,526 - INFO - Items combined (duplicates): 33
2025-07-14 13:14:57,526 - INFO - Errors encountered: 0
2025-07-14 13:14:57,527 - INFO - All processing completed successfully!
